<?xml version="1.0" encoding="UTF-8"?>
<!-- Generated by org.testng.reporters.JUnitReportReporter -->
<testsuite skipped="0" hostname="DESKTOP-A1C45A4" name="testCase.ReadAllProducts" tests="1" failures="0" timestamp="21 Jun 2022 18:26:55 GMT" time="2.204" errors="0">
  <testcase name="readAllProducts" time="2.204" classname="testCase.ReadAllProducts"/>
</testsuite> <!-- testCase.ReadAllProducts -->
