<?xml version="1.0" encoding="UTF-8"?>
<!-- Generated by org.testng.reporters.JUnitReportReporter -->
<testsuite skipped="0" hostname="DESKTOP-A1C45A4" name="testCase.CreateNewProduct" tests="2" failures="0" timestamp="22 Jun 2022 23:25:55 GMT" time="2.365" errors="0">
  <testcase name="createAProduct" time="1.434" classname="testCase.CreateNewProduct"/>
  <testcase name="readProductID" time="0.931" classname="testCase.CreateNewProduct"/>
</testsuite> <!-- testCase.CreateNewProduct -->
