<?xml version="1.0" encoding="UTF-8"?>
<!-- Generated by org.testng.reporters.JUnitReportReporter -->
<testsuite skipped="0" hostname="DESKTOP-A1C45A4" name="testCase.ReadOneProduct" tests="1" failures="0" timestamp="21 Jun 2022 19:17:46 GMT" time="1.267" errors="0">
  <testcase name="readOneProduct" time="1.267" classname="testCase.ReadOneProduct"/>
</testsuite> <!-- testCase.ReadOneProduct -->
